0 info it worked if it ends with ok
1 verbose cli [ 'C:\\Program Files\\nodejs\\node.exe',
1 verbose cli   'C:\\Program Files\\nodejs\\node_modules\\npm\\bin\\npm-cli.js',
1 verbose cli   'install',
1 verbose cli   'ccap',
1 verbose cli   '--save' ]
2 info using npm@3.8.6
3 info using node@v6.1.0
4 silly loadCurrentTree Starting
5 silly install loadCurrentTree
6 silly install readLocalPackageData
7 silly fetchPackageMetaData ccap
8 silly fetchNamedPackageData ccap
9 silly mapToRegistry name ccap
10 silly mapToRegistry using default registry
11 silly mapToRegistry registry https://registry.npmjs.org/
12 silly mapToRegistry data Result {
12 silly mapToRegistry   raw: 'ccap',
12 silly mapToRegistry   scope: null,
12 silly mapToRegistry   name: 'ccap',
12 silly mapToRegistry   rawSpec: '',
12 silly mapToRegistry   spec: 'latest',
12 silly mapToRegistry   type: 'tag' }
13 silly mapToRegistry uri https://registry.npmjs.org/ccap
14 verbose request uri https://registry.npmjs.org/ccap
15 verbose request no auth needed
16 info attempt registry request try #1 at 16:57:06
17 verbose request id 1ec71c1110feb387
18 verbose etag W/"5823ec1f-c5f1"
19 verbose lastModified Thu, 10 Nov 2016 03:40:15 GMT
20 http request GET https://registry.npmjs.org/ccap
21 http 304 https://registry.npmjs.org/ccap
22 verbose headers { date: 'Tue, 27 Dec 2016 08:57:07 GMT',
22 verbose headers   via: '1.1 varnish',
22 verbose headers   'cache-control': 'max-age=300',
22 verbose headers   etag: 'W/"5823ec1f-c5f1"',
22 verbose headers   age: '183',
22 verbose headers   connection: 'keep-alive',
22 verbose headers   'x-served-by': 'cache-itm7421-ITM',
22 verbose headers   'x-cache': 'HIT',
22 verbose headers   'x-cache-hits': '1',
22 verbose headers   'x-timer': 'S1482829027.095788,VS0,VE0',
22 verbose headers   vary: 'Accept-Encoding' }
23 silly get cb [ 304,
23 silly get   { date: 'Tue, 27 Dec 2016 08:57:07 GMT',
23 silly get     via: '1.1 varnish',
23 silly get     'cache-control': 'max-age=300',
23 silly get     etag: 'W/"5823ec1f-c5f1"',
23 silly get     age: '183',
23 silly get     connection: 'keep-alive',
23 silly get     'x-served-by': 'cache-itm7421-ITM',
23 silly get     'x-cache': 'HIT',
23 silly get     'x-cache-hits': '1',
23 silly get     'x-timer': 'S1482829027.095788,VS0,VE0',
23 silly get     vary: 'Accept-Encoding' } ]
24 verbose etag https://registry.npmjs.org/ccap from cache
25 verbose get saving ccap to C:\Users\博勋\AppData\Roaming\npm-cache\registry.npmjs.org\ccap\.cache.json
26 verbose correctMkdir C:\Users\博勋\AppData\Roaming\npm-cache correctMkdir not in flight; initializing
27 silly install normalizeTree
28 silly loadCurrentTree Finishing
29 silly loadIdealTree Starting
30 silly install loadIdealTree
31 silly cloneCurrentTree Starting
32 silly install cloneCurrentTreeToIdealTree
33 silly cloneCurrentTree Finishing
34 silly loadShrinkwrap Starting
35 silly install loadShrinkwrap
36 silly loadShrinkwrap Finishing
37 silly loadAllDepsIntoIdealTree Starting
38 silly install loadAllDepsIntoIdealTree
39 silly resolveWithNewModule ccap@0.6.10 checking installable status
40 silly cache add args [ 'ccap', null ]
41 verbose cache add spec ccap
42 silly cache add parsed spec Result {
42 silly cache add   raw: 'ccap',
42 silly cache add   scope: null,
42 silly cache add   name: 'ccap',
42 silly cache add   rawSpec: '',
42 silly cache add   spec: 'latest',
42 silly cache add   type: 'tag' }
43 silly addNamed ccap@latest
44 verbose addNamed "latest" is being treated as a dist-tag for ccap
45 info addNameTag [ 'ccap', 'latest' ]
46 silly mapToRegistry name ccap
47 silly mapToRegistry using default registry
48 silly mapToRegistry registry https://registry.npmjs.org/
49 silly mapToRegistry data Result {
49 silly mapToRegistry   raw: 'ccap',
49 silly mapToRegistry   scope: null,
49 silly mapToRegistry   name: 'ccap',
49 silly mapToRegistry   rawSpec: '',
49 silly mapToRegistry   spec: 'latest',
49 silly mapToRegistry   type: 'tag' }
50 silly mapToRegistry uri https://registry.npmjs.org/ccap
51 verbose addNameTag registry:https://registry.npmjs.org/ccap not in flight; fetching
52 verbose get https://registry.npmjs.org/ccap not expired, no request
53 silly addNameTag next cb for ccap with tag latest
54 silly addNamed ccap@0.6.10
55 verbose addNamed "0.6.10" is a plain semver version for ccap
56 silly cache afterAdd ccap@0.6.10
57 verbose afterAdd C:\Users\博勋\AppData\Roaming\npm-cache\ccap\0.6.10\package\package.json not in flight; writing
58 verbose correctMkdir C:\Users\博勋\AppData\Roaming\npm-cache correctMkdir not in flight; initializing
59 verbose afterAdd C:\Users\博勋\AppData\Roaming\npm-cache\ccap\0.6.10\package\package.json written
60 silly fetchNamedPackageData async
61 silly mapToRegistry name async
62 silly mapToRegistry using default registry
63 silly mapToRegistry registry https://registry.npmjs.org/
64 silly mapToRegistry data Result {
64 silly mapToRegistry   raw: 'async',
64 silly mapToRegistry   scope: null,
64 silly mapToRegistry   name: 'async',
64 silly mapToRegistry   rawSpec: '',
64 silly mapToRegistry   spec: 'latest',
64 silly mapToRegistry   type: 'tag' }
65 silly mapToRegistry uri https://registry.npmjs.org/async
66 silly fetchNamedPackageData node-schedule
67 silly mapToRegistry name node-schedule
68 silly mapToRegistry using default registry
69 silly mapToRegistry registry https://registry.npmjs.org/
70 silly mapToRegistry data Result {
70 silly mapToRegistry   raw: 'node-schedule',
70 silly mapToRegistry   scope: null,
70 silly mapToRegistry   name: 'node-schedule',
70 silly mapToRegistry   rawSpec: '',
70 silly mapToRegistry   spec: 'latest',
70 silly mapToRegistry   type: 'tag' }
71 silly mapToRegistry uri https://registry.npmjs.org/node-schedule
72 silly fetchNamedPackageData nan
73 silly mapToRegistry name nan
74 silly mapToRegistry using default registry
75 silly mapToRegistry registry https://registry.npmjs.org/
76 silly mapToRegistry data Result {
76 silly mapToRegistry   raw: 'nan',
76 silly mapToRegistry   scope: null,
76 silly mapToRegistry   name: 'nan',
76 silly mapToRegistry   rawSpec: '',
76 silly mapToRegistry   spec: 'latest',
76 silly mapToRegistry   type: 'tag' }
77 silly mapToRegistry uri https://registry.npmjs.org/nan
78 verbose request uri https://registry.npmjs.org/node-schedule
79 verbose request no auth needed
80 info attempt registry request try #1 at 16:57:07
81 verbose etag W/"5860fa71-c124"
82 verbose lastModified Mon, 26 Dec 2016 11:09:37 GMT
83 http request GET https://registry.npmjs.org/node-schedule
84 verbose request uri https://registry.npmjs.org/async
85 verbose request no auth needed
86 info attempt registry request try #1 at 16:57:07
87 verbose etag W/"585fdde4-1d2c3"
88 verbose lastModified Sun, 25 Dec 2016 14:55:32 GMT
89 http request GET https://registry.npmjs.org/async
90 verbose request uri https://registry.npmjs.org/nan
91 verbose request no auth needed
92 info attempt registry request try #1 at 16:57:07
93 verbose etag W/"585acecf-1d7db"
94 verbose lastModified Wed, 21 Dec 2016 18:49:51 GMT
95 http request GET https://registry.npmjs.org/nan
96 http 304 https://registry.npmjs.org/node-schedule
97 verbose headers { date: 'Tue, 27 Dec 2016 08:57:07 GMT',
97 verbose headers   via: '1.1 varnish',
97 verbose headers   'cache-control': 'max-age=300',
97 verbose headers   etag: 'W/"5860fa71-c124"',
97 verbose headers   age: '145',
97 verbose headers   connection: 'keep-alive',
97 verbose headers   'x-served-by': 'cache-itm7421-ITM',
97 verbose headers   'x-cache': 'HIT',
97 verbose headers   'x-cache-hits': '1',
97 verbose headers   'x-timer': 'S1482829027.522332,VS0,VE0',
97 verbose headers   vary: 'Accept-Encoding' }
98 silly get cb [ 304,
98 silly get   { date: 'Tue, 27 Dec 2016 08:57:07 GMT',
98 silly get     via: '1.1 varnish',
98 silly get     'cache-control': 'max-age=300',
98 silly get     etag: 'W/"5860fa71-c124"',
98 silly get     age: '145',
98 silly get     connection: 'keep-alive',
98 silly get     'x-served-by': 'cache-itm7421-ITM',
98 silly get     'x-cache': 'HIT',
98 silly get     'x-cache-hits': '1',
98 silly get     'x-timer': 'S1482829027.522332,VS0,VE0',
98 silly get     vary: 'Accept-Encoding' } ]
99 verbose etag https://registry.npmjs.org/node-schedule from cache
100 verbose get saving node-schedule to C:\Users\博勋\AppData\Roaming\npm-cache\registry.npmjs.org\node-schedule\.cache.json
101 verbose correctMkdir C:\Users\博勋\AppData\Roaming\npm-cache correctMkdir not in flight; initializing
102 silly resolveWithNewModule node-schedule@0.1.13 checking installable status
103 silly cache add args [ 'node-schedule@0.1.13', null ]
104 verbose cache add spec node-schedule@0.1.13
105 silly cache add parsed spec Result {
105 silly cache add   raw: 'node-schedule@0.1.13',
105 silly cache add   scope: null,
105 silly cache add   name: 'node-schedule',
105 silly cache add   rawSpec: '0.1.13',
105 silly cache add   spec: '0.1.13',
105 silly cache add   type: 'version' }
106 silly addNamed node-schedule@0.1.13
107 verbose addNamed "0.1.13" is a plain semver version for node-schedule
108 silly mapToRegistry name node-schedule
109 silly mapToRegistry using default registry
110 silly mapToRegistry registry https://registry.npmjs.org/
111 silly mapToRegistry data Result {
111 silly mapToRegistry   raw: 'node-schedule',
111 silly mapToRegistry   scope: null,
111 silly mapToRegistry   name: 'node-schedule',
111 silly mapToRegistry   rawSpec: '',
111 silly mapToRegistry   spec: 'latest',
111 silly mapToRegistry   type: 'tag' }
112 silly mapToRegistry uri https://registry.npmjs.org/node-schedule
113 verbose addNameVersion registry:https://registry.npmjs.org/node-schedule not in flight; fetching
114 verbose get https://registry.npmjs.org/node-schedule not expired, no request
115 silly cache afterAdd node-schedule@0.1.13
116 verbose afterAdd C:\Users\博勋\AppData\Roaming\npm-cache\node-schedule\0.1.13\package\package.json not in flight; writing
117 verbose correctMkdir C:\Users\博勋\AppData\Roaming\npm-cache correctMkdir not in flight; initializing
118 verbose afterAdd C:\Users\博勋\AppData\Roaming\npm-cache\node-schedule\0.1.13\package\package.json written
119 http 304 https://registry.npmjs.org/async
120 verbose headers { date: 'Tue, 27 Dec 2016 08:57:07 GMT',
120 verbose headers   via: '1.1 varnish',
120 verbose headers   'cache-control': 'max-age=300',
120 verbose headers   etag: 'W/"585fdde4-1d2c3"',
120 verbose headers   age: '192',
120 verbose headers   connection: 'keep-alive',
120 verbose headers   'x-served-by': 'cache-itm7424-ITM',
120 verbose headers   'x-cache': 'HIT',
120 verbose headers   'x-cache-hits': '128',
120 verbose headers   'x-timer': 'S1482829027.782733,VS0,VE0',
120 verbose headers   vary: 'Accept-Encoding' }
121 silly get cb [ 304,
121 silly get   { date: 'Tue, 27 Dec 2016 08:57:07 GMT',
121 silly get     via: '1.1 varnish',
121 silly get     'cache-control': 'max-age=300',
121 silly get     etag: 'W/"585fdde4-1d2c3"',
121 silly get     age: '192',
121 silly get     connection: 'keep-alive',
121 silly get     'x-served-by': 'cache-itm7424-ITM',
121 silly get     'x-cache': 'HIT',
121 silly get     'x-cache-hits': '128',
121 silly get     'x-timer': 'S1482829027.782733,VS0,VE0',
121 silly get     vary: 'Accept-Encoding' } ]
122 verbose etag https://registry.npmjs.org/async from cache
123 verbose get saving async to C:\Users\博勋\AppData\Roaming\npm-cache\registry.npmjs.org\async\.cache.json
124 verbose correctMkdir C:\Users\博勋\AppData\Roaming\npm-cache correctMkdir not in flight; initializing
125 silly resolveWithNewModule async@1.4.2 checking installable status
126 silly cache add args [ 'async@1.4.2', null ]
127 verbose cache add spec async@1.4.2
128 silly cache add parsed spec Result {
128 silly cache add   raw: 'async@1.4.2',
128 silly cache add   scope: null,
128 silly cache add   name: 'async',
128 silly cache add   rawSpec: '1.4.2',
128 silly cache add   spec: '1.4.2',
128 silly cache add   type: 'version' }
129 silly addNamed async@1.4.2
130 verbose addNamed "1.4.2" is a plain semver version for async
131 silly mapToRegistry name async
132 silly mapToRegistry using default registry
133 silly mapToRegistry registry https://registry.npmjs.org/
134 silly mapToRegistry data Result {
134 silly mapToRegistry   raw: 'async',
134 silly mapToRegistry   scope: null,
134 silly mapToRegistry   name: 'async',
134 silly mapToRegistry   rawSpec: '',
134 silly mapToRegistry   spec: 'latest',
134 silly mapToRegistry   type: 'tag' }
135 silly mapToRegistry uri https://registry.npmjs.org/async
136 verbose addNameVersion registry:https://registry.npmjs.org/async not in flight; fetching
137 http 304 https://registry.npmjs.org/nan
138 verbose headers { date: 'Tue, 27 Dec 2016 08:57:07 GMT',
138 verbose headers   via: '1.1 varnish',
138 verbose headers   'cache-control': 'max-age=300',
138 verbose headers   etag: 'W/"585acecf-1d7db"',
138 verbose headers   age: '171',
138 verbose headers   connection: 'keep-alive',
138 verbose headers   'x-served-by': 'cache-itm7427-ITM',
138 verbose headers   'x-cache': 'HIT',
138 verbose headers   'x-cache-hits': '8',
138 verbose headers   'x-timer': 'S1482829027.796087,VS0,VE0',
138 verbose headers   vary: 'Accept-Encoding' }
139 silly get cb [ 304,
139 silly get   { date: 'Tue, 27 Dec 2016 08:57:07 GMT',
139 silly get     via: '1.1 varnish',
139 silly get     'cache-control': 'max-age=300',
139 silly get     etag: 'W/"585acecf-1d7db"',
139 silly get     age: '171',
139 silly get     connection: 'keep-alive',
139 silly get     'x-served-by': 'cache-itm7427-ITM',
139 silly get     'x-cache': 'HIT',
139 silly get     'x-cache-hits': '8',
139 silly get     'x-timer': 'S1482829027.796087,VS0,VE0',
139 silly get     vary: 'Accept-Encoding' } ]
140 verbose etag https://registry.npmjs.org/nan from cache
141 verbose get saving nan to C:\Users\博勋\AppData\Roaming\npm-cache\registry.npmjs.org\nan\.cache.json
142 verbose correctMkdir C:\Users\博勋\AppData\Roaming\npm-cache correctMkdir not in flight; initializing
143 verbose get https://registry.npmjs.org/async not expired, no request
144 silly cache afterAdd async@1.4.2
145 verbose afterAdd C:\Users\博勋\AppData\Roaming\npm-cache\async\1.4.2\package\package.json not in flight; writing
146 verbose correctMkdir C:\Users\博勋\AppData\Roaming\npm-cache correctMkdir not in flight; initializing
147 silly resolveWithNewModule nan@1.7.0 checking installable status
148 silly cache add args [ 'nan@1.7.0', null ]
149 verbose cache add spec nan@1.7.0
150 silly cache add parsed spec Result {
150 silly cache add   raw: 'nan@1.7.0',
150 silly cache add   scope: null,
150 silly cache add   name: 'nan',
150 silly cache add   rawSpec: '1.7.0',
150 silly cache add   spec: '1.7.0',
150 silly cache add   type: 'version' }
151 silly addNamed nan@1.7.0
152 verbose addNamed "1.7.0" is a plain semver version for nan
153 silly mapToRegistry name nan
154 silly mapToRegistry using default registry
155 silly mapToRegistry registry https://registry.npmjs.org/
156 silly mapToRegistry data Result {
156 silly mapToRegistry   raw: 'nan',
156 silly mapToRegistry   scope: null,
156 silly mapToRegistry   name: 'nan',
156 silly mapToRegistry   rawSpec: '',
156 silly mapToRegistry   spec: 'latest',
156 silly mapToRegistry   type: 'tag' }
157 silly mapToRegistry uri https://registry.npmjs.org/nan
158 verbose addNameVersion registry:https://registry.npmjs.org/nan not in flight; fetching
159 verbose afterAdd C:\Users\博勋\AppData\Roaming\npm-cache\async\1.4.2\package\package.json written
160 verbose get https://registry.npmjs.org/nan not expired, no request
161 silly cache afterAdd nan@1.7.0
162 verbose afterAdd C:\Users\博勋\AppData\Roaming\npm-cache\nan\1.7.0\package\package.json not in flight; writing
163 verbose correctMkdir C:\Users\博勋\AppData\Roaming\npm-cache correctMkdir not in flight; initializing
164 verbose afterAdd C:\Users\博勋\AppData\Roaming\npm-cache\nan\1.7.0\package\package.json written
165 silly loadAllDepsIntoIdealTree Finishing
166 silly idealTree:prePrune FeidianStudio@0.0.0
166 silly idealTree:prePrune +-- accepts@1.2.13
166 silly idealTree:prePrune +-- array-flatten@1.1.1
166 silly idealTree:prePrune +-- async@2.1.4
166 silly idealTree:prePrune +-- basic-auth@1.0.4
166 silly idealTree:prePrune +-- bluebird@2.10.2
166 silly idealTree:prePrune +-- body-parser@1.15.2
166 silly idealTree:prePrune +-- bson@0.5.7
166 silly idealTree:prePrune +-- buffer-shims@1.0.0
166 silly idealTree:prePrune +-- bytes@2.4.0
166 silly idealTree:prePrune +-- ccap@0.6.10
166 silly idealTree:prePrune | `-- async@1.4.2
166 silly idealTree:prePrune +-- commander@2.7.1
166 silly idealTree:prePrune +-- content-disposition@0.5.1
166 silly idealTree:prePrune +-- content-type@1.0.2
166 silly idealTree:prePrune +-- cookie-parser@1.4.3
166 silly idealTree:prePrune +-- cookie-signature@1.0.6
166 silly idealTree:prePrune +-- cookie@0.3.1
166 silly idealTree:prePrune +-- core-util-is@1.0.2
166 silly idealTree:prePrune +-- debug@2.2.0
166 silly idealTree:prePrune +-- depd@1.1.0
166 silly idealTree:prePrune +-- destroy@1.0.4
166 silly idealTree:prePrune +-- ee-first@1.1.1
166 silly idealTree:prePrune +-- ejs@2.5.2
166 silly idealTree:prePrune +-- es6-promise@3.2.1
166 silly idealTree:prePrune +-- escape-html@1.0.3
166 silly idealTree:prePrune +-- etag@1.7.0
166 silly idealTree:prePrune +-- express-generator@4.13.4
166 silly idealTree:prePrune +-- express@4.13.4
166 silly idealTree:prePrune | +-- cookie@0.1.5
166 silly idealTree:prePrune | `-- qs@4.0.0
166 silly idealTree:prePrune +-- finalhandler@0.4.1
166 silly idealTree:prePrune +-- forwarded@0.1.0
166 silly idealTree:prePrune +-- fresh@0.3.0
166 silly idealTree:prePrune +-- graceful-readlink@1.0.1
166 silly idealTree:prePrune +-- hooks-fixed@1.2.0
166 silly idealTree:prePrune +-- http-errors@1.5.0
166 silly idealTree:prePrune +-- iconv-lite@0.4.13
166 silly idealTree:prePrune +-- inherits@2.0.1
166 silly idealTree:prePrune +-- ipaddr.js@1.0.5
166 silly idealTree:prePrune +-- isarray@1.0.0
166 silly idealTree:prePrune +-- kareem@1.1.5
166 silly idealTree:prePrune +-- lodash@4.17.2
166 silly idealTree:prePrune +-- media-typer@0.3.0
166 silly idealTree:prePrune +-- merge-descriptors@1.0.1
166 silly idealTree:prePrune +-- methods@1.1.2
166 silly idealTree:prePrune +-- mime-db@1.24.0
166 silly idealTree:prePrune +-- mime-types@2.1.12
166 silly idealTree:prePrune +-- mime@1.3.4
166 silly idealTree:prePrune +-- minimist@0.0.8
166 silly idealTree:prePrune +-- mkdirp@0.5.1
166 silly idealTree:prePrune +-- mongodb-core@2.1.2
166 silly idealTree:prePrune | `-- bson@1.0.1
166 silly idealTree:prePrune +-- mongodb@2.2.16
166 silly idealTree:prePrune +-- mongoose@4.7.4
166 silly idealTree:prePrune | `-- ms@0.7.2
166 silly idealTree:prePrune +-- morgan@1.7.0
166 silly idealTree:prePrune +-- mpath@0.2.1
166 silly idealTree:prePrune +-- mpromise@0.5.5
166 silly idealTree:prePrune +-- mquery@2.0.0
166 silly idealTree:prePrune | `-- sliced@0.0.5
166 silly idealTree:prePrune +-- ms@0.7.1
166 silly idealTree:prePrune +-- muri@1.1.1
166 silly idealTree:prePrune +-- nan@1.7.0
166 silly idealTree:prePrune +-- negotiator@0.5.3
166 silly idealTree:prePrune +-- node-schedule@0.1.13
166 silly idealTree:prePrune +-- on-finished@2.3.0
166 silly idealTree:prePrune +-- on-headers@1.0.1
166 silly idealTree:prePrune +-- parseurl@1.3.1
166 silly idealTree:prePrune +-- path-to-regexp@0.1.7
166 silly idealTree:prePrune +-- process-nextick-args@1.0.7
166 silly idealTree:prePrune +-- proxy-addr@1.0.10
166 silly idealTree:prePrune +-- qs@6.2.0
166 silly idealTree:prePrune +-- range-parser@1.0.3
166 silly idealTree:prePrune +-- raw-body@2.1.7
166 silly idealTree:prePrune +-- readable-stream@2.1.5
166 silly idealTree:prePrune +-- regexp-clone@0.0.1
166 silly idealTree:prePrune +-- require_optional@1.0.0
166 silly idealTree:prePrune +-- resolve-from@2.0.0
166 silly idealTree:prePrune +-- semver@5.3.0
166 silly idealTree:prePrune +-- send@0.13.1
166 silly idealTree:prePrune | +-- http-errors@1.3.1
166 silly idealTree:prePrune | `-- statuses@1.2.1
166 silly idealTree:prePrune +-- serve-favicon@2.3.0
166 silly idealTree:prePrune +-- serve-static@1.10.3
166 silly idealTree:prePrune | +-- http-errors@1.3.1
166 silly idealTree:prePrune | +-- send@0.13.2
166 silly idealTree:prePrune | `-- statuses@1.2.1
166 silly idealTree:prePrune +-- setprototypeof@1.0.1
166 silly idealTree:prePrune +-- sliced@1.0.1
166 silly idealTree:prePrune +-- sorted-object@2.0.0
166 silly idealTree:prePrune +-- statuses@1.3.0
166 silly idealTree:prePrune +-- string_decoder@0.10.31
166 silly idealTree:prePrune +-- type-is@1.6.13
166 silly idealTree:prePrune +-- unpipe@1.0.0
166 silly idealTree:prePrune +-- util-deprecate@1.0.2
166 silly idealTree:prePrune +-- utils-merge@1.0.0
166 silly idealTree:prePrune `-- vary@1.0.1
167 silly loadIdealTree Finishing
168 silly currentTree FeidianStudio@0.0.0
168 silly currentTree +-- accepts@1.2.13
168 silly currentTree +-- array-flatten@1.1.1
168 silly currentTree +-- async@2.1.4
168 silly currentTree +-- basic-auth@1.0.4
168 silly currentTree +-- bluebird@2.10.2
168 silly currentTree +-- body-parser@1.15.2
168 silly currentTree +-- bson@0.5.7
168 silly currentTree +-- buffer-shims@1.0.0
168 silly currentTree +-- bytes@2.4.0
168 silly currentTree +-- commander@2.7.1
168 silly currentTree +-- content-disposition@0.5.1
168 silly currentTree +-- content-type@1.0.2
168 silly currentTree +-- cookie-parser@1.4.3
168 silly currentTree +-- cookie-signature@1.0.6
168 silly currentTree +-- cookie@0.3.1
168 silly currentTree +-- core-util-is@1.0.2
168 silly currentTree +-- debug@2.2.0
168 silly currentTree +-- depd@1.1.0
168 silly currentTree +-- destroy@1.0.4
168 silly currentTree +-- ee-first@1.1.1
168 silly currentTree +-- ejs@2.5.2
168 silly currentTree +-- es6-promise@3.2.1
168 silly currentTree +-- escape-html@1.0.3
168 silly currentTree +-- etag@1.7.0
168 silly currentTree +-- express-generator@4.13.4
168 silly currentTree +-- express@4.13.4
168 silly currentTree | +-- cookie@0.1.5
168 silly currentTree | `-- qs@4.0.0
168 silly currentTree +-- finalhandler@0.4.1
168 silly currentTree +-- forwarded@0.1.0
168 silly currentTree +-- fresh@0.3.0
168 silly currentTree +-- graceful-readlink@1.0.1
168 silly currentTree +-- hooks-fixed@1.2.0
168 silly currentTree +-- http-errors@1.5.0
168 silly currentTree +-- iconv-lite@0.4.13
168 silly currentTree +-- inherits@2.0.1
168 silly currentTree +-- ipaddr.js@1.0.5
168 silly currentTree +-- isarray@1.0.0
168 silly currentTree +-- kareem@1.1.5
168 silly currentTree +-- lodash@4.17.2
168 silly currentTree +-- media-typer@0.3.0
168 silly currentTree +-- merge-descriptors@1.0.1
168 silly currentTree +-- methods@1.1.2
168 silly currentTree +-- mime-db@1.24.0
168 silly currentTree +-- mime-types@2.1.12
168 silly currentTree +-- mime@1.3.4
168 silly currentTree +-- minimist@0.0.8
168 silly currentTree +-- mkdirp@0.5.1
168 silly currentTree +-- mongodb-core@2.1.2
168 silly currentTree | `-- bson@1.0.1
168 silly currentTree +-- mongodb@2.2.16
168 silly currentTree +-- mongoose@4.7.4
168 silly currentTree | `-- ms@0.7.2
168 silly currentTree +-- morgan@1.7.0
168 silly currentTree +-- mpath@0.2.1
168 silly currentTree +-- mpromise@0.5.5
168 silly currentTree +-- mquery@2.0.0
168 silly currentTree | `-- sliced@0.0.5
168 silly currentTree +-- ms@0.7.1
168 silly currentTree +-- muri@1.1.1
168 silly currentTree +-- negotiator@0.5.3
168 silly currentTree +-- on-finished@2.3.0
168 silly currentTree +-- on-headers@1.0.1
168 silly currentTree +-- parseurl@1.3.1
168 silly currentTree +-- path-to-regexp@0.1.7
168 silly currentTree +-- process-nextick-args@1.0.7
168 silly currentTree +-- proxy-addr@1.0.10
168 silly currentTree +-- qs@6.2.0
168 silly currentTree +-- range-parser@1.0.3
168 silly currentTree +-- raw-body@2.1.7
168 silly currentTree +-- readable-stream@2.1.5
168 silly currentTree +-- regexp-clone@0.0.1
168 silly currentTree +-- require_optional@1.0.0
168 silly currentTree +-- resolve-from@2.0.0
168 silly currentTree +-- semver@5.3.0
168 silly currentTree +-- send@0.13.1
168 silly currentTree | +-- http-errors@1.3.1
168 silly currentTree | `-- statuses@1.2.1
168 silly currentTree +-- serve-favicon@2.3.0
168 silly currentTree +-- serve-static@1.10.3
168 silly currentTree | +-- http-errors@1.3.1
168 silly currentTree | +-- send@0.13.2
168 silly currentTree | `-- statuses@1.2.1
168 silly currentTree +-- setprototypeof@1.0.1
168 silly currentTree +-- sliced@1.0.1
168 silly currentTree +-- sorted-object@2.0.0
168 silly currentTree +-- statuses@1.3.0
168 silly currentTree +-- string_decoder@0.10.31
168 silly currentTree +-- type-is@1.6.13
168 silly currentTree +-- unpipe@1.0.0
168 silly currentTree +-- util-deprecate@1.0.2
168 silly currentTree +-- utils-merge@1.0.0
168 silly currentTree `-- vary@1.0.1
169 silly idealTree FeidianStudio@0.0.0
169 silly idealTree +-- accepts@1.2.13
169 silly idealTree +-- array-flatten@1.1.1
169 silly idealTree +-- async@2.1.4
169 silly idealTree +-- basic-auth@1.0.4
169 silly idealTree +-- bluebird@2.10.2
169 silly idealTree +-- body-parser@1.15.2
169 silly idealTree +-- bson@0.5.7
169 silly idealTree +-- buffer-shims@1.0.0
169 silly idealTree +-- bytes@2.4.0
169 silly idealTree +-- ccap@0.6.10
169 silly idealTree | `-- async@1.4.2
169 silly idealTree +-- commander@2.7.1
169 silly idealTree +-- content-disposition@0.5.1
169 silly idealTree +-- content-type@1.0.2
169 silly idealTree +-- cookie-parser@1.4.3
169 silly idealTree +-- cookie-signature@1.0.6
169 silly idealTree +-- cookie@0.3.1
169 silly idealTree +-- core-util-is@1.0.2
169 silly idealTree +-- debug@2.2.0
169 silly idealTree +-- depd@1.1.0
169 silly idealTree +-- destroy@1.0.4
169 silly idealTree +-- ee-first@1.1.1
169 silly idealTree +-- ejs@2.5.2
169 silly idealTree +-- es6-promise@3.2.1
169 silly idealTree +-- escape-html@1.0.3
169 silly idealTree +-- etag@1.7.0
169 silly idealTree +-- express-generator@4.13.4
169 silly idealTree +-- express@4.13.4
169 silly idealTree | +-- cookie@0.1.5
169 silly idealTree | `-- qs@4.0.0
169 silly idealTree +-- finalhandler@0.4.1
169 silly idealTree +-- forwarded@0.1.0
169 silly idealTree +-- fresh@0.3.0
169 silly idealTree +-- graceful-readlink@1.0.1
169 silly idealTree +-- hooks-fixed@1.2.0
169 silly idealTree +-- http-errors@1.5.0
169 silly idealTree +-- iconv-lite@0.4.13
169 silly idealTree +-- inherits@2.0.1
169 silly idealTree +-- ipaddr.js@1.0.5
169 silly idealTree +-- isarray@1.0.0
169 silly idealTree +-- kareem@1.1.5
169 silly idealTree +-- lodash@4.17.2
169 silly idealTree +-- media-typer@0.3.0
169 silly idealTree +-- merge-descriptors@1.0.1
169 silly idealTree +-- methods@1.1.2
169 silly idealTree +-- mime-db@1.24.0
169 silly idealTree +-- mime-types@2.1.12
169 silly idealTree +-- mime@1.3.4
169 silly idealTree +-- minimist@0.0.8
169 silly idealTree +-- mkdirp@0.5.1
169 silly idealTree +-- mongodb-core@2.1.2
169 silly idealTree | `-- bson@1.0.1
169 silly idealTree +-- mongodb@2.2.16
169 silly idealTree +-- mongoose@4.7.4
169 silly idealTree | `-- ms@0.7.2
169 silly idealTree +-- morgan@1.7.0
169 silly idealTree +-- mpath@0.2.1
169 silly idealTree +-- mpromise@0.5.5
169 silly idealTree +-- mquery@2.0.0
169 silly idealTree | `-- sliced@0.0.5
169 silly idealTree +-- ms@0.7.1
169 silly idealTree +-- muri@1.1.1
169 silly idealTree +-- nan@1.7.0
169 silly idealTree +-- negotiator@0.5.3
169 silly idealTree +-- node-schedule@0.1.13
169 silly idealTree +-- on-finished@2.3.0
169 silly idealTree +-- on-headers@1.0.1
169 silly idealTree +-- parseurl@1.3.1
169 silly idealTree +-- path-to-regexp@0.1.7
169 silly idealTree +-- process-nextick-args@1.0.7
169 silly idealTree +-- proxy-addr@1.0.10
169 silly idealTree +-- qs@6.2.0
169 silly idealTree +-- range-parser@1.0.3
169 silly idealTree +-- raw-body@2.1.7
169 silly idealTree +-- readable-stream@2.1.5
169 silly idealTree +-- regexp-clone@0.0.1
169 silly idealTree +-- require_optional@1.0.0
169 silly idealTree +-- resolve-from@2.0.0
169 silly idealTree +-- semver@5.3.0
169 silly idealTree +-- send@0.13.1
169 silly idealTree | +-- http-errors@1.3.1
169 silly idealTree | `-- statuses@1.2.1
169 silly idealTree +-- serve-favicon@2.3.0
169 silly idealTree +-- serve-static@1.10.3
169 silly idealTree | +-- http-errors@1.3.1
169 silly idealTree | +-- send@0.13.2
169 silly idealTree | `-- statuses@1.2.1
169 silly idealTree +-- setprototypeof@1.0.1
169 silly idealTree +-- sliced@1.0.1
169 silly idealTree +-- sorted-object@2.0.0
169 silly idealTree +-- statuses@1.3.0
169 silly idealTree +-- string_decoder@0.10.31
169 silly idealTree +-- type-is@1.6.13
169 silly idealTree +-- unpipe@1.0.0
169 silly idealTree +-- util-deprecate@1.0.2
169 silly idealTree +-- utils-merge@1.0.0
169 silly idealTree `-- vary@1.0.1
170 silly generateActionsToTake Starting
171 silly install generateActionsToTake
172 silly generateActionsToTake Finishing
173 silly diffTrees action count 6
174 silly diffTrees add async@1.4.2
175 silly diffTrees add nan@1.7.0
176 silly diffTrees add node-schedule@0.1.13
177 silly diffTrees add ccap@0.6.10
178 silly diffTrees update express-generator@4.13.4
179 silly diffTrees update mongoose@4.7.4
180 silly decomposeActions action count 48
181 silly decomposeActions fetch async@1.4.2
182 silly decomposeActions extract async@1.4.2
183 silly decomposeActions test async@1.4.2
184 silly decomposeActions preinstall async@1.4.2
185 silly decomposeActions build async@1.4.2
186 silly decomposeActions install async@1.4.2
187 silly decomposeActions postinstall async@1.4.2
188 silly decomposeActions finalize async@1.4.2
189 silly decomposeActions fetch nan@1.7.0
190 silly decomposeActions extract nan@1.7.0
191 silly decomposeActions test nan@1.7.0
192 silly decomposeActions preinstall nan@1.7.0
193 silly decomposeActions build nan@1.7.0
194 silly decomposeActions install nan@1.7.0
195 silly decomposeActions postinstall nan@1.7.0
196 silly decomposeActions finalize nan@1.7.0
197 silly decomposeActions fetch node-schedule@0.1.13
198 silly decomposeActions extract node-schedule@0.1.13
199 silly decomposeActions test node-schedule@0.1.13
200 silly decomposeActions preinstall node-schedule@0.1.13
201 silly decomposeActions build node-schedule@0.1.13
202 silly decomposeActions install node-schedule@0.1.13
203 silly decomposeActions postinstall node-schedule@0.1.13
204 silly decomposeActions finalize node-schedule@0.1.13
205 silly decomposeActions fetch ccap@0.6.10
206 silly decomposeActions extract ccap@0.6.10
207 silly decomposeActions test ccap@0.6.10
208 silly decomposeActions preinstall ccap@0.6.10
209 silly decomposeActions build ccap@0.6.10
210 silly decomposeActions install ccap@0.6.10
211 silly decomposeActions postinstall ccap@0.6.10
212 silly decomposeActions finalize ccap@0.6.10
213 silly decomposeActions fetch express-generator@4.13.4
214 silly decomposeActions extract express-generator@4.13.4
215 silly decomposeActions test express-generator@4.13.4
216 silly decomposeActions preinstall express-generator@4.13.4
217 silly decomposeActions build express-generator@4.13.4
218 silly decomposeActions install express-generator@4.13.4
219 silly decomposeActions postinstall express-generator@4.13.4
220 silly decomposeActions finalize express-generator@4.13.4
221 silly decomposeActions fetch mongoose@4.7.4
222 silly decomposeActions extract mongoose@4.7.4
223 silly decomposeActions test mongoose@4.7.4
224 silly decomposeActions preinstall mongoose@4.7.4
225 silly decomposeActions build mongoose@4.7.4
226 silly decomposeActions install mongoose@4.7.4
227 silly decomposeActions postinstall mongoose@4.7.4
228 silly decomposeActions finalize mongoose@4.7.4
229 silly executeActions Starting
230 silly install executeActions
231 silly doSerial global-install 0
232 silly doParallel fetch 6
233 verbose correctMkdir C:\Users\博勋\AppData\Roaming\npm-cache\_locks correctMkdir not in flight; initializing
234 verbose lock using C:\Users\博勋\AppData\Roaming\npm-cache\_locks\staging-9b217f5ed6d50aa1.lock for D:\wamp\www\FeidianStudio_Node\node_modules\.staging
235 silly doParallel extract 6
236 silly extract async@1.4.2
237 silly extract nan@1.7.0
238 silly extract node-schedule@0.1.13
239 silly extract ccap@0.6.10
240 silly extract express-generator@4.13.4
241 silly extract mongoose@4.7.4
242 silly addNamed express-generator@4.13.4
243 verbose addNamed "4.13.4" is a plain semver version for express-generator
244 silly mapToRegistry name express-generator
245 silly mapToRegistry using default registry
246 silly mapToRegistry registry https://registry.npmjs.org/
247 silly mapToRegistry data Result {
247 silly mapToRegistry   raw: 'express-generator',
247 silly mapToRegistry   scope: null,
247 silly mapToRegistry   name: 'express-generator',
247 silly mapToRegistry   rawSpec: '',
247 silly mapToRegistry   spec: 'latest',
247 silly mapToRegistry   type: 'tag' }
248 silly mapToRegistry uri https://registry.npmjs.org/express-generator
249 verbose addNameVersion registry:https://registry.npmjs.org/express-generator not in flight; fetching
250 verbose unbuild node_modules\.staging\nan-8976329d
251 verbose unbuild node_modules\.staging\async-410c81cf
252 verbose unbuild node_modules\.staging\node-schedule-456fbe66
253 verbose unbuild node_modules\.staging\ccap-76e54e08
254 verbose unbuild node_modules\.staging\mongoose-6ded8afc
255 silly gentlyRm D:\wamp\www\FeidianStudio_Node\node_modules\.staging\nan-8976329d is being purged from base D:\wamp\www\FeidianStudio_Node
256 verbose gentlyRm don't care about contents; nuking D:\wamp\www\FeidianStudio_Node\node_modules\.staging\nan-8976329d
257 silly gentlyRm D:\wamp\www\FeidianStudio_Node\node_modules\.staging\async-410c81cf is being purged from base D:\wamp\www\FeidianStudio_Node
258 verbose gentlyRm don't care about contents; nuking D:\wamp\www\FeidianStudio_Node\node_modules\.staging\async-410c81cf
259 silly gentlyRm D:\wamp\www\FeidianStudio_Node\node_modules\.staging\node-schedule-456fbe66 is being purged from base D:\wamp\www\FeidianStudio_Node
260 verbose gentlyRm don't care about contents; nuking D:\wamp\www\FeidianStudio_Node\node_modules\.staging\node-schedule-456fbe66
261 silly gentlyRm D:\wamp\www\FeidianStudio_Node\node_modules\.staging\ccap-76e54e08 is being purged from base D:\wamp\www\FeidianStudio_Node
262 verbose gentlyRm don't care about contents; nuking D:\wamp\www\FeidianStudio_Node\node_modules\.staging\ccap-76e54e08
263 verbose tar unpack C:\Users\博勋\AppData\Roaming\npm-cache\nan\1.7.0\package.tgz
264 verbose tar unpacking to D:\wamp\www\FeidianStudio_Node\node_modules\.staging\nan-8976329d
265 silly gentlyRm D:\wamp\www\FeidianStudio_Node\node_modules\.staging\nan-8976329d is being purged
266 verbose gentlyRm don't care about contents; nuking D:\wamp\www\FeidianStudio_Node\node_modules\.staging\nan-8976329d
267 silly gentlyRm D:\wamp\www\FeidianStudio_Node\node_modules\.staging\mongoose-6ded8afc is being purged from base D:\wamp\www\FeidianStudio_Node
268 verbose gentlyRm don't care about contents; nuking D:\wamp\www\FeidianStudio_Node\node_modules\.staging\mongoose-6ded8afc
269 verbose tar unpack C:\Users\博勋\AppData\Roaming\npm-cache\async\1.4.2\package.tgz
270 verbose tar unpacking to D:\wamp\www\FeidianStudio_Node\node_modules\.staging\async-410c81cf
271 silly gentlyRm D:\wamp\www\FeidianStudio_Node\node_modules\.staging\async-410c81cf is being purged
272 verbose gentlyRm don't care about contents; nuking D:\wamp\www\FeidianStudio_Node\node_modules\.staging\async-410c81cf
273 verbose tar unpack C:\Users\博勋\AppData\Roaming\npm-cache\node-schedule\0.1.13\package.tgz
274 verbose tar unpacking to D:\wamp\www\FeidianStudio_Node\node_modules\.staging\node-schedule-456fbe66
275 silly gentlyRm D:\wamp\www\FeidianStudio_Node\node_modules\.staging\node-schedule-456fbe66 is being purged
276 verbose gentlyRm don't care about contents; nuking D:\wamp\www\FeidianStudio_Node\node_modules\.staging\node-schedule-456fbe66
277 verbose request uri https://registry.npmjs.org/express-generator
278 verbose request no auth needed
279 info attempt registry request try #1 at 16:57:08
280 verbose etag W/"5844f4e9-8dc5"
281 verbose lastModified Mon, 05 Dec 2016 05:02:33 GMT
282 http request GET https://registry.npmjs.org/express-generator
283 verbose tar unpack C:\Users\博勋\AppData\Roaming\npm-cache\ccap\0.6.10\package.tgz
284 verbose tar unpacking to D:\wamp\www\FeidianStudio_Node\node_modules\.staging\ccap-76e54e08
285 silly gentlyRm D:\wamp\www\FeidianStudio_Node\node_modules\.staging\ccap-76e54e08 is being purged
286 verbose gentlyRm don't care about contents; nuking D:\wamp\www\FeidianStudio_Node\node_modules\.staging\ccap-76e54e08
287 silly gunzTarPerm modes [ '777', '666' ]
288 verbose tar unpack C:\Users\博勋\AppData\Roaming\npm-cache\mongoose\4.7.4\package.tgz
289 verbose tar unpacking to D:\wamp\www\FeidianStudio_Node\node_modules\.staging\mongoose-6ded8afc
290 silly gentlyRm D:\wamp\www\FeidianStudio_Node\node_modules\.staging\mongoose-6ded8afc is being purged
291 verbose gentlyRm don't care about contents; nuking D:\wamp\www\FeidianStudio_Node\node_modules\.staging\mongoose-6ded8afc
292 silly gunzTarPerm modes [ '777', '666' ]
293 silly gunzTarPerm modes [ '777', '666' ]
294 silly gunzTarPerm modes [ '777', '666' ]
295 silly gunzTarPerm modes [ '777', '666' ]
296 silly gunzTarPerm extractEntry package.json
297 silly gunzTarPerm modified mode [ 'package.json', 436, 438 ]
298 silly gunzTarPerm extractEntry package.json
299 silly gunzTarPerm modified mode [ 'package.json', 420, 438 ]
300 silly gunzTarPerm extractEntry package.json
301 silly gunzTarPerm modified mode [ 'package.json', 420, 438 ]
302 silly gunzTarPerm extractEntry package.json
303 silly gunzTarPerm extractEntry package.json
304 silly gunzTarPerm modified mode [ 'package.json', 436, 438 ]
305 silly gunzTarPerm extractEntry include_dirs.js
306 silly gunzTarPerm modified mode [ 'include_dirs.js', 436, 438 ]
307 silly gunzTarPerm extractEntry LICENSE.md
308 silly gunzTarPerm modified mode [ 'LICENSE.md', 436, 438 ]
309 silly gunzTarPerm extractEntry LICENSE
310 silly gunzTarPerm modified mode [ 'LICENSE', 420, 438 ]
311 silly gunzTarPerm extractEntry CHANGELOG.md
312 silly gunzTarPerm modified mode [ 'CHANGELOG.md', 420, 438 ]
313 silly gunzTarPerm extractEntry .npmignore
314 silly gunzTarPerm modified mode [ '.npmignore', 420, 438 ]
315 silly gunzTarPerm extractEntry README.md
316 silly gunzTarPerm modified mode [ 'README.md', 420, 438 ]
317 silly gunzTarPerm extractEntry .npmignore
318 silly gunzTarPerm extractEntry index.js
319 silly gunzTarPerm extractEntry .npmignore
320 silly gunzTarPerm modified mode [ '.npmignore', 436, 438 ]
321 silly gunzTarPerm extractEntry README.md
322 silly gunzTarPerm modified mode [ 'README.md', 436, 438 ]
323 silly gunzTarPerm extractEntry .dntrc
324 silly gunzTarPerm modified mode [ '.dntrc', 436, 438 ]
325 silly gunzTarPerm extractEntry appveyor.yml
326 silly gunzTarPerm modified mode [ 'appveyor.yml', 436, 438 ]
327 silly gunzTarPerm extractEntry lib/increment.js
328 silly gunzTarPerm modified mode [ 'lib/increment.js', 420, 438 ]
329 silly gunzTarPerm extractEntry lib/schedule.js
330 silly gunzTarPerm modified mode [ 'lib/schedule.js', 420, 438 ]
331 silly gunzTarPerm extractEntry lib/async.js
332 silly gunzTarPerm modified mode [ 'lib/async.js', 420, 438 ]
333 silly gunzTarPerm extractEntry website.js
334 silly gunzTarPerm modified mode [ 'website.js', 436, 438 ]
335 silly gunzTarPerm extractEntry make.js
336 silly gunzTarPerm extractEntry example/custom_get.js
337 silly gunzTarPerm extractEntry index.js
338 silly gunzTarPerm modified mode [ 'index.js', 436, 438 ]
339 silly gunzTarPerm extractEntry nan.h
340 silly gunzTarPerm modified mode [ 'nan.h', 436, 438 ]
341 silly gunzTarPerm extractEntry nan_implementation_12_inl.h
342 silly gunzTarPerm modified mode [ 'nan_implementation_12_inl.h', 436, 438 ]
343 silly gunzTarPerm extractEntry nan_implementation_pre_12_inl.h
344 silly gunzTarPerm modified mode [ 'nan_implementation_pre_12_inl.h', 436, 438 ]
345 silly gunzTarPerm extractEntry nan_new.h
346 silly gunzTarPerm modified mode [ 'nan_new.h', 436, 438 ]
347 silly gunzTarPerm extractEntry nan_string_bytes.h
348 silly gunzTarPerm modified mode [ 'nan_string_bytes.h', 436, 438 ]
349 silly gunzTarPerm extractEntry CHANGELOG.md
350 silly gunzTarPerm modified mode [ 'CHANGELOG.md', 436, 438 ]
351 silly gunzTarPerm extractEntry test/convenience-method-test.js
352 silly gunzTarPerm modified mode [ 'test/convenience-method-test.js', 420, 438 ]
353 silly gunzTarPerm extractEntry example/custom_get2.js
354 silly gunzTarPerm extractEntry example/default_get.js
355 silly gunzTarPerm extractEntry static.js
356 silly gunzTarPerm modified mode [ 'static.js', 436, 438 ]
357 silly gunzTarPerm extractEntry CONTRIBUTING.md
358 silly gunzTarPerm modified mode [ 'CONTRIBUTING.md', 436, 438 ]
359 silly gunzTarPerm extractEntry test/date-convenience-methods-test.js
360 silly gunzTarPerm modified mode [ 'test/date-convenience-methods-test.js', 420, 438 ]
361 silly gunzTarPerm extractEntry test/job-test.js
362 silly gunzTarPerm modified mode [ 'test/job-test.js', 420, 438 ]
363 silly gunzTarPerm extractEntry example/web_example.js
364 silly gunzTarPerm extractEntry binding.gyp
365 silly gunzTarPerm extractEntry History.md
366 silly gunzTarPerm modified mode [ 'History.md', 436, 438 ]
367 silly gunzTarPerm extractEntry .eslintrc.yml
368 silly gunzTarPerm modified mode [ '.eslintrc.yml', 436, 438 ]
369 silly gunzTarPerm extractEntry .travis.yml
370 silly gunzTarPerm extractEntry .eslintignore
371 silly gunzTarPerm modified mode [ '.eslintignore', 436, 438 ]
372 silly gunzTarPerm extractEntry examples/README.md
373 silly gunzTarPerm modified mode [ 'examples/README.md', 436, 438 ]
374 silly gunzTarPerm extractEntry test/range-test.js
375 silly gunzTarPerm modified mode [ 'test/range-test.js', 420, 438 ]
376 silly gunzTarPerm extractEntry test/recurrence-rule-test.js
377 silly gunzTarPerm modified mode [ 'test/recurrence-rule-test.js', 420, 438 ]
378 silly gunzTarPerm extractEntry examples/doc-methods.js
379 silly gunzTarPerm modified mode [ 'examples/doc-methods.js', 436, 438 ]
380 silly gunzTarPerm extractEntry examples/statics/person.js
381 silly gunzTarPerm modified mode [ 'examples/statics/person.js', 436, 438 ]
382 silly gunzTarPerm extractEntry lib/dir.js
383 silly gunzTarPerm extractEntry lib/gen.js
384 silly gentlyRm D:\wamp\www\FeidianStudio_Node\node_modules\.staging\async-410c81cf\node_modules is being purged
385 verbose gentlyRm don't care about contents; nuking D:\wamp\www\FeidianStudio_Node\node_modules\.staging\async-410c81cf\node_modules
386 silly gunzTarPerm extractEntry examples/statics/statics.js
387 silly gunzTarPerm modified mode [ 'examples/statics/statics.js', 436, 438 ]
388 silly gunzTarPerm extractEntry examples/express/README.md
389 silly gunzTarPerm modified mode [ 'examples/express/README.md', 436, 438 ]
390 silly gunzTarPerm extractEntry lib/hcap.js
391 silly gunzTarPerm extractEntry lib/timer.js
392 silly gunzTarPerm extractEntry examples/express/connection-sharing/package.json
393 silly gunzTarPerm modified mode [ 'examples/express/connection-sharing/package.json', 436, 438 ]
394 silly gunzTarPerm extractEntry examples/express/connection-sharing/README.md
395 silly gunzTarPerm modified mode [ 'examples/express/connection-sharing/README.md', 436, 438 ]
396 silly gunzTarPerm extractEntry examples/express/connection-sharing/app.js
397 silly gunzTarPerm modified mode [ 'examples/express/connection-sharing/app.js', 436, 438 ]
398 silly gunzTarPerm extractEntry addon/cap.cc
399 silly gunzTarPerm extractEntry addon/cap.h
400 silly gunzTarPerm extractEntry examples/express/connection-sharing/modelA.js
401 silly gunzTarPerm modified mode [ 'examples/express/connection-sharing/modelA.js', 436, 438 ]
402 silly gunzTarPerm extractEntry examples/express/connection-sharing/routes.js
403 silly gunzTarPerm modified mode [ 'examples/express/connection-sharing/routes.js', 436, 438 ]
404 silly gunzTarPerm extractEntry examples/geospatial/package.json
405 silly gunzTarPerm modified mode [ 'examples/geospatial/package.json', 436, 438 ]
406 silly gunzTarPerm extractEntry examples/geospatial/geoJSONSchema.js
407 silly gunzTarPerm modified mode [ 'examples/geospatial/geoJSONSchema.js', 436, 438 ]
408 silly gunzTarPerm extractEntry addon/hcaptha.cc
409 silly gunzTarPerm extractEntry addon/jpeglib/jddctmgr.c
410 silly gunzTarPerm extractEntry examples/geospatial/geoJSONexample.js
411 silly gunzTarPerm modified mode [ 'examples/geospatial/geoJSONexample.js', 436, 438 ]
412 silly gunzTarPerm extractEntry examples/geospatial/geospatial.js
413 silly gunzTarPerm modified mode [ 'examples/geospatial/geospatial.js', 436, 438 ]
414 silly gunzTarPerm extractEntry examples/geospatial/person.js
415 silly gunzTarPerm modified mode [ 'examples/geospatial/person.js', 436, 438 ]
416 silly gunzTarPerm extractEntry examples/globalschemas/gs_example.js
417 silly gunzTarPerm modified mode [ 'examples/globalschemas/gs_example.js', 436, 438 ]
418 silly gunzTarPerm extractEntry addon/jpeglib/CImg.h
419 silly gunzTarPerm extractEntry examples/globalschemas/person.js
420 silly gunzTarPerm modified mode [ 'examples/globalschemas/person.js', 436, 438 ]
421 silly gunzTarPerm extractEntry examples/lean/package.json
422 silly gunzTarPerm modified mode [ 'examples/lean/package.json', 436, 438 ]
423 silly gunzTarPerm extractEntry examples/lean/lean.js
424 silly gunzTarPerm modified mode [ 'examples/lean/lean.js', 436, 438 ]
425 silly gunzTarPerm extractEntry examples/lean/person.js
426 silly gunzTarPerm modified mode [ 'examples/lean/person.js', 436, 438 ]
427 silly gunzTarPerm extractEntry examples/aggregate/package.json
428 silly gunzTarPerm modified mode [ 'examples/aggregate/package.json', 436, 438 ]
429 silly gunzTarPerm extractEntry examples/aggregate/aggregate.js
430 silly gunzTarPerm modified mode [ 'examples/aggregate/aggregate.js', 436, 438 ]
431 silly gentlyRm D:\wamp\www\FeidianStudio_Node\node_modules\.staging\node-schedule-456fbe66\node_modules is being purged
432 verbose gentlyRm don't care about contents; nuking D:\wamp\www\FeidianStudio_Node\node_modules\.staging\node-schedule-456fbe66\node_modules
433 silly gentlyRm D:\wamp\www\FeidianStudio_Node\node_modules\.staging\nan-8976329d\node_modules is being purged
434 verbose gentlyRm don't care about contents; nuking D:\wamp\www\FeidianStudio_Node\node_modules\.staging\nan-8976329d\node_modules
435 silly gunzTarPerm extractEntry examples/aggregate/person.js
436 silly gunzTarPerm modified mode [ 'examples/aggregate/person.js', 436, 438 ]
437 silly gunzTarPerm extractEntry examples/population/population-across-three-collections.js
438 silly gunzTarPerm modified mode [ 'examples/population/population-across-three-collections.js',
438 silly gunzTarPerm   436,
438 silly gunzTarPerm   438 ]
439 silly gunzTarPerm extractEntry examples/population/population-basic.js
440 silly gunzTarPerm modified mode [ 'examples/population/population-basic.js', 436, 438 ]
441 silly gunzTarPerm extractEntry examples/population/population-of-existing-doc.js
442 silly gunzTarPerm modified mode [ 'examples/population/population-of-existing-doc.js', 436, 438 ]
443 silly gunzTarPerm extractEntry examples/population/population-of-multiple-existing-docs.js
444 silly gunzTarPerm modified mode [ 'examples/population/population-of-multiple-existing-docs.js',
444 silly gunzTarPerm   436,
444 silly gunzTarPerm   438 ]
445 silly gunzTarPerm extractEntry examples/population/population-options.js
446 silly gunzTarPerm modified mode [ 'examples/population/population-options.js', 436, 438 ]
447 silly gunzTarPerm extractEntry examples/population/population-plain-objects.js
448 silly gunzTarPerm modified mode [ 'examples/population/population-plain-objects.js', 436, 438 ]
449 silly gunzTarPerm extractEntry examples/promises/package.json
450 silly gunzTarPerm modified mode [ 'examples/promises/package.json', 436, 438 ]
451 silly gunzTarPerm extractEntry examples/promises/person.js
452 silly gunzTarPerm modified mode [ 'examples/promises/person.js', 436, 438 ]
453 silly gunzTarPerm extractEntry examples/promises/promise.js
454 silly gunzTarPerm modified mode [ 'examples/promises/promise.js', 436, 438 ]
455 silly gunzTarPerm extractEntry examples/querybuilder/package.json
456 silly gunzTarPerm modified mode [ 'examples/querybuilder/package.json', 436, 438 ]
457 silly gunzTarPerm extractEntry examples/querybuilder/person.js
458 silly gunzTarPerm modified mode [ 'examples/querybuilder/person.js', 436, 438 ]
459 silly gunzTarPerm extractEntry addon/jpeglib/Licence_CeCILL_V2-en.txt
460 silly gunzTarPerm extractEntry addon/jpeglib/README.txt
461 silly gunzTarPerm extractEntry addon/jpeglib/cderror.h
462 silly gunzTarPerm extractEntry addon/jpeglib/cdjpeg.h
463 silly gunzTarPerm extractEntry examples/querybuilder/querybuilder.js
464 silly gunzTarPerm modified mode [ 'examples/querybuilder/querybuilder.js', 436, 438 ]
465 silly gunzTarPerm extractEntry examples/replicasets/package.json
466 silly gunzTarPerm modified mode [ 'examples/replicasets/package.json', 436, 438 ]
467 silly gunzTarPerm extractEntry addon/jpeglib/jaricom.c
468 silly gunzTarPerm extractEntry addon/jpeglib/jcapimin.c
469 silly gunzTarPerm extractEntry addon/jpeglib/jcapistd.c
470 silly gunzTarPerm extractEntry addon/jpeglib/jcarith.c
471 silly gunzTarPerm extractEntry examples/replicasets/person.js
472 silly gunzTarPerm modified mode [ 'examples/replicasets/person.js', 436, 438 ]
473 silly gunzTarPerm extractEntry examples/replicasets/replica-sets.js
474 silly gunzTarPerm modified mode [ 'examples/replicasets/replica-sets.js', 436, 438 ]
475 silly gunzTarPerm extractEntry addon/jpeglib/jccoefct.c
476 silly gunzTarPerm extractEntry addon/jpeglib/jccolor.c
477 silly gunzTarPerm extractEntry addon/jpeglib/jcdctmgr.c
478 silly gunzTarPerm extractEntry addon/jpeglib/jchuff.c
479 silly gunzTarPerm extractEntry examples/schema/schema.js
480 silly gunzTarPerm modified mode [ 'examples/schema/schema.js', 436, 438 ]
481 silly gunzTarPerm extractEntry examples/schema/storing-schemas-as-json/index.js
482 silly gunzTarPerm modified mode [ 'examples/schema/storing-schemas-as-json/index.js', 436, 438 ]
483 silly gunzTarPerm extractEntry addon/jpeglib/jcinit.c
484 silly gunzTarPerm extractEntry addon/jpeglib/jcmainct.c
485 silly gunzTarPerm extractEntry addon/jpeglib/jcmarker.c
486 silly gunzTarPerm extractEntry addon/jpeglib/jcmaster.c
487 silly gunzTarPerm extractEntry examples/schema/storing-schemas-as-json/schema.json
488 silly gunzTarPerm modified mode [ 'examples/schema/storing-schemas-as-json/schema.json',
488 silly gunzTarPerm   436,
488 silly gunzTarPerm   438 ]
489 silly gunzTarPerm extractEntry examples/mapreduce/package.json
490 silly gunzTarPerm modified mode [ 'examples/mapreduce/package.json', 436, 438 ]
491 silly gunzTarPerm extractEntry addon/jpeglib/jcomapi.c
492 silly gunzTarPerm extractEntry addon/jpeglib/jconfig.h
493 silly gunzTarPerm extractEntry addon/jpeglib/jcparam.c
494 silly gunzTarPerm extractEntry addon/jpeglib/jcprepct.c
495 silly gunzTarPerm extractEntry addon/jpeglib/jcsample.c
496 silly gunzTarPerm extractEntry addon/jpeglib/jctrans.c
497 silly gunzTarPerm extractEntry addon/jpeglib/jdapimin.c
498 silly gunzTarPerm extractEntry examples/mapreduce/mapreduce.js
499 silly gunzTarPerm modified mode [ 'examples/mapreduce/mapreduce.js', 436, 438 ]
500 silly gunzTarPerm extractEntry examples/mapreduce/person.js
501 silly gunzTarPerm modified mode [ 'examples/mapreduce/person.js', 436, 438 ]
502 silly gunzTarPerm extractEntry addon/jpeglib/jdapistd.c
503 silly gunzTarPerm extractEntry addon/jpeglib/jdarith.c
504 silly gunzTarPerm extractEntry addon/jpeglib/jdatadst.c
505 silly gunzTarPerm extractEntry addon/jpeglib/jdatasrc.c
506 silly gunzTarPerm extractEntry .github/ISSUE_TEMPLATE.md
507 silly gunzTarPerm modified mode [ '.github/ISSUE_TEMPLATE.md', 436, 438 ]
508 silly gunzTarPerm extractEntry .github/PULL_REQUEST_TEMPLATE.md
509 silly gunzTarPerm modified mode [ '.github/PULL_REQUEST_TEMPLATE.md', 436, 438 ]
510 silly gunzTarPerm extractEntry addon/jpeglib/jdcoefct.c
511 silly gunzTarPerm extractEntry addon/jpeglib/jdcolor.c
512 silly gunzTarPerm extractEntry addon/jpeglib/jdct.h
513 silly gunzTarPerm extractEntry lib/ES6Promise.js
514 silly gunzTarPerm modified mode [ 'lib/ES6Promise.js', 436, 438 ]
515 silly gunzTarPerm extractEntry lib/document_provider.js
516 silly gunzTarPerm modified mode [ 'lib/document_provider.js', 436, 438 ]
517 silly gunzTarPerm extractEntry addon/jpeglib/Licence_CeCILL-C_V1-en.txt
518 silly gunzTarPerm extractEntry addon/jpeglib/jdhuff.c
519 silly gunzTarPerm extractEntry addon/jpeglib/jdinput.c
520 silly gunzTarPerm extractEntry addon/jpeglib/jdmainct.c
521 silly gunzTarPerm extractEntry lib/document_provider.web.js
522 silly gunzTarPerm modified mode [ 'lib/document_provider.web.js', 436, 438 ]
523 silly gunzTarPerm extractEntry lib/utils.js
524 silly gunzTarPerm modified mode [ 'lib/utils.js', 436, 438 ]
525 silly gunzTarPerm extractEntry addon/jpeglib/jdmarker.c
526 silly gunzTarPerm extractEntry addon/jpeglib/jdmaster.c
527 silly gunzTarPerm extractEntry addon/jpeglib/jdmerge.c
528 silly gunzTarPerm extractEntry addon/jpeglib/jdpostct.c
529 silly gunzTarPerm extractEntry lib/statemachine.js
530 silly gunzTarPerm modified mode [ 'lib/statemachine.js', 436, 438 ]
531 silly gunzTarPerm extractEntry lib/document.js
532 silly gunzTarPerm modified mode [ 'lib/document.js', 436, 438 ]
533 silly gunzTarPerm extractEntry addon/jpeglib/jdsample.c
534 silly gunzTarPerm extractEntry addon/jpeglib/jdtrans.c
535 silly gunzTarPerm extractEntry addon/jpeglib/jerror.c
536 silly gunzTarPerm extractEntry addon/jpeglib/jerror.h
537 silly gunzTarPerm extractEntry addon/jpeglib/jfdctflt.c
538 silly gunzTarPerm extractEntry addon/jpeglib/jfdctfst.c
539 silly gunzTarPerm extractEntry addon/jpeglib/jfdctint.c
540 silly gunzTarPerm extractEntry lib/index.js
541 silly gunzTarPerm modified mode [ 'lib/index.js', 436, 438 ]
542 silly gunzTarPerm extractEntry addon/jpeglib/jidctflt.c
543 silly gunzTarPerm extractEntry addon/jpeglib/jidctfst.c
544 silly gunzTarPerm extractEntry addon/jpeglib/jidctint.c
545 silly gunzTarPerm extractEntry lib/aggregate.js
546 silly gunzTarPerm modified mode [ 'lib/aggregate.js', 436, 438 ]
547 silly gunzTarPerm extractEntry lib/model.js
548 silly gunzTarPerm modified mode [ 'lib/model.js', 436, 438 ]
549 silly gunzTarPerm extractEntry addon/jpeglib/jinclude.h
550 silly gunzTarPerm extractEntry addon/jpeglib/jmemmgr.c
551 http 304 https://registry.npmjs.org/express-generator
552 verbose headers { date: 'Tue, 27 Dec 2016 08:57:08 GMT',
552 verbose headers   via: '1.1 varnish',
552 verbose headers   'cache-control': 'max-age=300',
552 verbose headers   etag: 'W/"5844f4e9-8dc5"',
552 verbose headers   age: '222',
552 verbose headers   connection: 'keep-alive',
552 verbose headers   'x-served-by': 'cache-itm7421-ITM',
552 verbose headers   'x-cache': 'HIT',
552 verbose headers   'x-cache-hits': '1',
552 verbose headers   'x-timer': 'S1482829028.233167,VS0,VE0',
552 verbose headers   vary: 'Accept-Encoding' }
553 silly get cb [ 304,
553 silly get   { date: 'Tue, 27 Dec 2016 08:57:08 GMT',
553 silly get     via: '1.1 varnish',
553 silly get     'cache-control': 'max-age=300',
553 silly get     etag: 'W/"5844f4e9-8dc5"',
553 silly get     age: '222',
553 silly get     connection: 'keep-alive',
553 silly get     'x-served-by': 'cache-itm7421-ITM',
553 silly get     'x-cache': 'HIT',
553 silly get     'x-cache-hits': '1',
553 silly get     'x-timer': 'S1482829028.233167,VS0,VE0',
553 silly get     vary: 'Accept-Encoding' } ]
554 verbose etag https://registry.npmjs.org/express-generator from cache
555 verbose get saving express-generator to C:\Users\博勋\AppData\Roaming\npm-cache\registry.npmjs.org\express-generator\.cache.json
556 verbose correctMkdir C:\Users\博勋\AppData\Roaming\npm-cache correctMkdir not in flight; initializing
557 silly gunzTarPerm extractEntry addon/jpeglib/jmemnobs.c
558 silly gunzTarPerm extractEntry addon/jpeglib/jmemsys.h
559 silly gunzTarPerm extractEntry addon/jpeglib/jmorecfg.h
560 silly gunzTarPerm extractEntry lib/promise.js
561 silly gunzTarPerm modified mode [ 'lib/promise.js', 436, 438 ]
562 silly gunzTarPerm extractEntry lib/promise_provider.js
563 silly gunzTarPerm modified mode [ 'lib/promise_provider.js', 436, 438 ]
564 silly gunzTarPerm extractEntry addon/jpeglib/jpegint.h
565 silly gunzTarPerm extractEntry addon/jpeglib/jpeglib.h
566 silly mapToRegistry name express-generator
567 silly mapToRegistry using default registry
568 silly mapToRegistry registry https://registry.npmjs.org/
569 silly mapToRegistry data Result {
569 silly mapToRegistry   raw: 'express-generator',
569 silly mapToRegistry   scope: null,
569 silly mapToRegistry   name: 'express-generator',
569 silly mapToRegistry   rawSpec: '',
569 silly mapToRegistry   spec: 'latest',
569 silly mapToRegistry   type: 'tag' }
570 silly mapToRegistry uri https://registry.npmjs.org/express-generator
571 verbose addRemoteTarball https://registry.npmjs.org/express-generator/-/express-generator-4.13.4.tgz not in flight; adding
572 verbose addRemoteTarball [ 'https://registry.npmjs.org/express-generator/-/express-generator-4.13.4.tgz',
572 verbose addRemoteTarball   '3abec2e5e7b548820075024954ff7fa6a447e5eb' ]
573 silly gunzTarPerm extractEntry addon/jpeglib/jquant1.c
574 silly gunzTarPerm extractEntry addon/jpeglib/jquant2.c
575 silly gunzTarPerm extractEntry lib/connectionstate.js
576 silly gunzTarPerm modified mode [ 'lib/connectionstate.js', 436, 438 ]
577 silly gunzTarPerm extractEntry lib/query.js
578 silly gunzTarPerm modified mode [ 'lib/query.js', 436, 438 ]
579 silly gunzTarPerm extractEntry addon/jpeglib/jutils.c
580 silly gunzTarPerm extractEntry addon/jpeglib/jversion.h
581 silly gunzTarPerm extractEntry addon/jpeglib/libjpeg.so
582 silly gunzTarPerm extractEntry lib/connection.js
583 silly gunzTarPerm modified mode [ 'lib/connection.js', 436, 438 ]
584 info retry fetch attempt 1 at 16:57:08
585 info attempt registry request try #1 at 16:57:08
586 http fetch GET https://registry.npmjs.org/express-generator/-/express-generator-4.13.4.tgz
587 silly gunzTarPerm extractEntry addon/jpeglib/plugins/jpeg_buffer.h
588 silly gunzTarPerm extractEntry addon/jpeglib/plugins/add_fileformat.h
589 silly gunzTarPerm extractEntry lib/querycursor.js
590 silly gunzTarPerm modified mode [ 'lib/querycursor.js', 436, 438 ]
591 silly gunzTarPerm extractEntry lib/collection.js
592 silly gunzTarPerm modified mode [ 'lib/collection.js', 436, 438 ]
593 silly gunzTarPerm extractEntry addon/jpeglib/plugins/cimg_ipl.h
594 silly gunzTarPerm extractEntry addon/jpeglib/plugins/cimgmatlab.h
595 silly gunzTarPerm extractEntry addon/jpeglib/plugins/draw_gradient.h
596 silly gunzTarPerm extractEntry addon/jpeglib/plugins/cimgIPL.h
597 silly gunzTarPerm extractEntry addon/jpeglib/plugins/loop_macros.h
598 silly gunzTarPerm extractEntry lib/queryhelpers.js
599 silly gunzTarPerm modified mode [ 'lib/queryhelpers.js', 436, 438 ]
600 silly gunzTarPerm extractEntry lib/cast.js
601 silly gunzTarPerm modified mode [ 'lib/cast.js', 436, 438 ]
602 silly gunzTarPerm extractEntry lib/querystream.js
603 silly gunzTarPerm modified mode [ 'lib/querystream.js', 436, 438 ]
604 silly gunzTarPerm extractEntry lib/browserDocument.js
605 silly gunzTarPerm modified mode [ 'lib/browserDocument.js', 436, 438 ]
606 silly gunzTarPerm extractEntry lib/schematype.js
607 silly gunzTarPerm modified mode [ 'lib/schematype.js', 436, 438 ]
608 silly gunzTarPerm extractEntry lib/browser.js
609 silly gunzTarPerm modified mode [ 'lib/browser.js', 436, 438 ]
610 silly gunzTarPerm extractEntry lib/schema.js
611 silly gunzTarPerm modified mode [ 'lib/schema.js', 436, 438 ]
612 silly gunzTarPerm extractEntry lib/error.js
613 silly gunzTarPerm modified mode [ 'lib/error.js', 436, 438 ]
614 silly gunzTarPerm extractEntry lib/virtualtype.js
615 silly gunzTarPerm modified mode [ 'lib/virtualtype.js', 436, 438 ]
616 silly gunzTarPerm extractEntry lib/internal.js
617 silly gunzTarPerm modified mode [ 'lib/internal.js', 436, 438 ]
618 silly gunzTarPerm extractEntry lib/schema/array.js
619 silly gunzTarPerm modified mode [ 'lib/schema/array.js', 436, 438 ]
620 silly gunzTarPerm extractEntry lib/schema/buffer.js
621 silly gunzTarPerm modified mode [ 'lib/schema/buffer.js', 436, 438 ]
622 silly gunzTarPerm extractEntry lib/schema/date.js
623 silly gunzTarPerm modified mode [ 'lib/schema/date.js', 436, 438 ]
624 silly gunzTarPerm extractEntry lib/schema/documentarray.js
625 silly gunzTarPerm modified mode [ 'lib/schema/documentarray.js', 436, 438 ]
626 silly gunzTarPerm extractEntry lib/schema/embedded.js
627 silly gunzTarPerm modified mode [ 'lib/schema/embedded.js', 436, 438 ]
628 silly gunzTarPerm extractEntry lib/schema/boolean.js
629 silly gunzTarPerm modified mode [ 'lib/schema/boolean.js', 436, 438 ]
630 silly gunzTarPerm extractEntry addon/jpeglib/plugins/nlmeans.h
631 silly gunzTarPerm extractEntry lib/schema/mixed.js
632 silly gunzTarPerm modified mode [ 'lib/schema/mixed.js', 436, 438 ]
633 silly gunzTarPerm extractEntry lib/schema/number.js
634 silly gunzTarPerm modified mode [ 'lib/schema/number.js', 436, 438 ]
635 silly gunzTarPerm extractEntry addon/jpeglib/plugins/skeleton.h
636 silly gunzTarPerm extractEntry addon/jpeglib/plugins/vrml.h
637 silly gunzTarPerm extractEntry addon/jpeglib/plugins/vtk.h
638 silly gunzTarPerm extractEntry lib/schema/objectid.js
639 silly gunzTarPerm modified mode [ 'lib/schema/objectid.js', 436, 438 ]
640 silly gunzTarPerm extractEntry lib/schema/string.js
641 silly gunzTarPerm modified mode [ 'lib/schema/string.js', 436, 438 ]
642 silly gunzTarPerm extractEntry addon/jpeglib/resources/compile_win_icl.bat
643 silly gunzTarPerm extractEntry addon/jpeglib/resources/compile_win_visualcpp.bat
644 silly gunzTarPerm extractEntry addon/jpeglib/transupp.h
645 silly gunzTarPerm extractEntry addon/libjpeg.dll
646 silly gunzTarPerm extractEntry lib/schema/index.js
647 silly gunzTarPerm modified mode [ 'lib/schema/index.js', 436, 438 ]
648 silly gunzTarPerm extractEntry lib/schema/operators/bitwise.js
649 silly gunzTarPerm modified mode [ 'lib/schema/operators/bitwise.js', 436, 438 ]
650 silly gunzTarPerm extractEntry benchmark/generate.js
651 silly gunzTarPerm extractEntry readme.md
652 silly gunzTarPerm extractEntry test/main_test.js
653 silly gunzTarPerm extractEntry lib/schema/operators/geospatial.js
654 silly gunzTarPerm modified mode [ 'lib/schema/operators/geospatial.js', 436, 438 ]
655 silly gunzTarPerm extractEntry lib/schema/operators/helpers.js
656 silly gunzTarPerm modified mode [ 'lib/schema/operators/helpers.js', 436, 438 ]
657 silly gunzTarPerm extractEntry lib/services/common.js
658 silly gunzTarPerm modified mode [ 'lib/services/common.js', 436, 438 ]
659 silly gunzTarPerm extractEntry lib/services/setDefaultsOnInsert.js
660 silly gunzTarPerm modified mode [ 'lib/services/setDefaultsOnInsert.js', 436, 438 ]
661 silly gunzTarPerm extractEntry lib/services/updateValidators.js
662 silly gunzTarPerm modified mode [ 'lib/services/updateValidators.js', 436, 438 ]
663 silly gunzTarPerm extractEntry lib/error/browserMissingSchema.js
664 silly gunzTarPerm modified mode [ 'lib/error/browserMissingSchema.js', 436, 438 ]
665 silly gunzTarPerm extractEntry lib/error/disconnected.js
666 silly gunzTarPerm modified mode [ 'lib/error/disconnected.js', 436, 438 ]
667 silly gunzTarPerm extractEntry lib/error/divergentArray.js
668 silly gunzTarPerm modified mode [ 'lib/error/divergentArray.js', 436, 438 ]
669 silly gunzTarPerm extractEntry lib/error/messages.js
670 silly gunzTarPerm modified mode [ 'lib/error/messages.js', 436, 438 ]
671 silly gunzTarPerm extractEntry lib/error/missingSchema.js
672 silly gunzTarPerm modified mode [ 'lib/error/missingSchema.js', 436, 438 ]
673 silly gunzTarPerm extractEntry lib/error/cast.js
674 silly gunzTarPerm modified mode [ 'lib/error/cast.js', 436, 438 ]
675 silly gunzTarPerm extractEntry lib/error/overwriteModel.js
676 silly gunzTarPerm modified mode [ 'lib/error/overwriteModel.js', 436, 438 ]
677 silly gunzTarPerm extractEntry lib/error/strict.js
678 silly gunzTarPerm modified mode [ 'lib/error/strict.js', 436, 438 ]
679 silly gunzTarPerm extractEntry lib/error/validation.js
680 silly gunzTarPerm modified mode [ 'lib/error/validation.js', 436, 438 ]
681 silly gunzTarPerm extractEntry lib/error/validator.js
682 silly gunzTarPerm modified mode [ 'lib/error/validator.js', 436, 438 ]
683 silly gunzTarPerm extractEntry lib/error/version.js
684 silly gunzTarPerm modified mode [ 'lib/error/version.js', 436, 438 ]
685 silly gunzTarPerm extractEntry lib/error/objectExpected.js
686 silly gunzTarPerm modified mode [ 'lib/error/objectExpected.js', 436, 438 ]
687 silly gunzTarPerm extractEntry lib/types/array.js
688 silly gunzTarPerm modified mode [ 'lib/types/array.js', 436, 438 ]
689 silly gunzTarPerm extractEntry lib/types/buffer.js
690 silly gunzTarPerm modified mode [ 'lib/types/buffer.js', 436, 438 ]
691 silly gunzTarPerm extractEntry lib/types/documentarray.js
692 silly gunzTarPerm modified mode [ 'lib/types/documentarray.js', 436, 438 ]
693 silly gunzTarPerm extractEntry lib/types/embedded.js
694 silly gunzTarPerm modified mode [ 'lib/types/embedded.js', 436, 438 ]
695 silly gunzTarPerm extractEntry lib/types/index.js
696 silly gunzTarPerm modified mode [ 'lib/types/index.js', 436, 438 ]
697 silly gunzTarPerm extractEntry lib/types/objectid.js
698 silly gunzTarPerm modified mode [ 'lib/types/objectid.js', 436, 438 ]
699 silly gunzTarPerm extractEntry lib/types/subdocument.js
700 silly gunzTarPerm modified mode [ 'lib/types/subdocument.js', 436, 438 ]
701 silly gunzTarPerm extractEntry lib/drivers/index.js
702 silly gunzTarPerm modified mode [ 'lib/drivers/index.js', 436, 438 ]
703 silly gunzTarPerm extractEntry lib/drivers/index.web.js
704 silly gunzTarPerm modified mode [ 'lib/drivers/index.web.js', 436, 438 ]
705 silly gunzTarPerm extractEntry lib/drivers/SPEC.md
706 silly gunzTarPerm modified mode [ 'lib/drivers/SPEC.md', 436, 438 ]
707 silly gunzTarPerm extractEntry lib/drivers/browser/ReadPreference.js
708 silly gunzTarPerm modified mode [ 'lib/drivers/browser/ReadPreference.js', 436, 438 ]
709 silly gunzTarPerm extractEntry lib/drivers/browser/binary.js
710 silly gunzTarPerm modified mode [ 'lib/drivers/browser/binary.js', 436, 438 ]
711 silly gunzTarPerm extractEntry lib/drivers/browser/index.js
712 silly gunzTarPerm modified mode [ 'lib/drivers/browser/index.js', 436, 438 ]
713 silly gunzTarPerm extractEntry lib/drivers/browser/objectid.js
714 silly gunzTarPerm modified mode [ 'lib/drivers/browser/objectid.js', 436, 438 ]
715 silly gunzTarPerm extractEntry lib/drivers/node-mongodb-native/ReadPreference.js
716 silly gunzTarPerm modified mode [ 'lib/drivers/node-mongodb-native/ReadPreference.js', 436, 438 ]
717 silly gunzTarPerm extractEntry lib/drivers/node-mongodb-native/binary.js
718 silly gunzTarPerm modified mode [ 'lib/drivers/node-mongodb-native/binary.js', 436, 438 ]
719 silly gunzTarPerm extractEntry lib/drivers/node-mongodb-native/collection.js
720 silly gunzTarPerm modified mode [ 'lib/drivers/node-mongodb-native/collection.js', 436, 438 ]
721 silly gunzTarPerm extractEntry lib/drivers/node-mongodb-native/connection.js
722 silly gunzTarPerm modified mode [ 'lib/drivers/node-mongodb-native/connection.js', 436, 438 ]
723 silly gunzTarPerm extractEntry lib/drivers/node-mongodb-native/index.js
724 silly gunzTarPerm modified mode [ 'lib/drivers/node-mongodb-native/index.js', 436, 438 ]
725 silly gunzTarPerm extractEntry lib/drivers/node-mongodb-native/objectid.js
726 silly gunzTarPerm modified mode [ 'lib/drivers/node-mongodb-native/objectid.js', 436, 438 ]
727 silly gunzTarPerm extractEntry .travis.yml
728 silly gunzTarPerm modified mode [ '.travis.yml', 436, 438 ]
729 silly gunzTarPerm extractEntry release-items.md
730 silly gunzTarPerm modified mode [ 'release-items.md', 436, 438 ]
731 http fetch 200 https://registry.npmjs.org/express-generator/-/express-generator-4.13.4.tgz
732 silly fetchAndShaCheck shasum 3abec2e5e7b548820075024954ff7fa6a447e5eb
733 verbose addTmpTarball C:\Users\博勋\AppData\Local\Temp\npm-8108-63610de8\registry.npmjs.org\express-generator\-\express-generator-4.13.4.tgz not in flight; adding
734 verbose addTmpTarball already have metadata; skipping unpack for express-generator@4.13.4
735 verbose correctMkdir C:\Users\博勋\AppData\Roaming\npm-cache correctMkdir not in flight; initializing
736 verbose unbuild node_modules\.staging\express-generator-968368a7
737 silly gentlyRm D:\wamp\www\FeidianStudio_Node\node_modules\.staging\express-generator-968368a7 is being purged from base D:\wamp\www\FeidianStudio_Node
738 verbose gentlyRm don't care about contents; nuking D:\wamp\www\FeidianStudio_Node\node_modules\.staging\express-generator-968368a7
739 verbose tar unpack C:\Users\博勋\AppData\Roaming\npm-cache\express-generator\4.13.4\package.tgz
740 verbose tar unpacking to D:\wamp\www\FeidianStudio_Node\node_modules\.staging\express-generator-968368a7
741 silly gentlyRm D:\wamp\www\FeidianStudio_Node\node_modules\.staging\express-generator-968368a7 is being purged
742 verbose gentlyRm don't care about contents; nuking D:\wamp\www\FeidianStudio_Node\node_modules\.staging\express-generator-968368a7
743 silly gunzTarPerm modes [ '777', '666' ]
744 silly gunzTarPerm extractEntry package.json
745 silly gunzTarPerm extractEntry README.md
746 silly gunzTarPerm extractEntry LICENSE
747 silly gunzTarPerm extractEntry bin/express
748 silly gunzTarPerm extractEntry templates/css/style.css
749 silly gunzTarPerm extractEntry templates/css/style.less
750 silly gunzTarPerm extractEntry templates/css/style.sass
751 silly gunzTarPerm extractEntry templates/css/style.scss
752 silly gunzTarPerm extractEntry templates/css/style.styl
753 silly gunzTarPerm extractEntry templates/ejs/error.ejs
754 silly gunzTarPerm extractEntry templates/ejs/index.ejs
755 silly gunzTarPerm extractEntry templates/hbs/error.hbs
756 silly gunzTarPerm extractEntry templates/hbs/index.hbs
757 silly gunzTarPerm extractEntry templates/hbs/layout.hbs
758 silly gunzTarPerm extractEntry templates/hogan/error.hjs
759 silly gunzTarPerm extractEntry templates/hogan/index.hjs
760 silly gunzTarPerm extractEntry templates/jade/error.jade
761 silly gunzTarPerm extractEntry templates/jade/index.jade
762 silly gunzTarPerm extractEntry templates/jade/layout.jade
763 silly gunzTarPerm extractEntry templates/js/app.js
764 silly gunzTarPerm extractEntry templates/js/gitignore
765 silly gunzTarPerm extractEntry templates/js/routes/index.js
766 silly gunzTarPerm extractEntry templates/js/routes/users.js
767 silly gunzTarPerm extractEntry templates/js/www
768 silly gentlyRm D:\wamp\www\FeidianStudio_Node\node_modules\.staging\express-generator-968368a7\node_modules is being purged
769 verbose gentlyRm don't care about contents; nuking D:\wamp\www\FeidianStudio_Node\node_modules\.staging\express-generator-968368a7\node_modules
770 silly gentlyRm D:\wamp\www\FeidianStudio_Node\node_modules\.staging\mongoose-6ded8afc\node_modules is being purged
771 verbose gentlyRm don't care about contents; nuking D:\wamp\www\FeidianStudio_Node\node_modules\.staging\mongoose-6ded8afc\node_modules
772 silly gentlyRm D:\wamp\www\FeidianStudio_Node\node_modules\.staging\ccap-76e54e08\node_modules is being purged
773 verbose gentlyRm don't care about contents; nuking D:\wamp\www\FeidianStudio_Node\node_modules\.staging\ccap-76e54e08\node_modules
774 silly doParallel preinstall 6
775 silly preinstall async@1.4.2 D:\wamp\www\FeidianStudio_Node\node_modules\.staging\async-410c81cf
776 info lifecycle async@1.4.2~preinstall: async@1.4.2
777 silly preinstall nan@1.7.0 D:\wamp\www\FeidianStudio_Node\node_modules\.staging\nan-8976329d
778 info lifecycle nan@1.7.0~preinstall: nan@1.7.0
779 silly preinstall node-schedule@0.1.13 D:\wamp\www\FeidianStudio_Node\node_modules\.staging\node-schedule-456fbe66
780 info lifecycle node-schedule@0.1.13~preinstall: node-schedule@0.1.13
781 silly preinstall ccap@0.6.10 D:\wamp\www\FeidianStudio_Node\node_modules\.staging\ccap-76e54e08
782 info lifecycle ccap@0.6.10~preinstall: ccap@0.6.10
783 silly preinstall express-generator@4.13.4 D:\wamp\www\FeidianStudio_Node\node_modules\.staging\express-generator-968368a7
784 info lifecycle express-generator@4.13.4~preinstall: express-generator@4.13.4
785 silly preinstall mongoose@4.7.4 D:\wamp\www\FeidianStudio_Node\node_modules\.staging\mongoose-6ded8afc
786 info lifecycle mongoose@4.7.4~preinstall: mongoose@4.7.4
787 silly lifecycle async@1.4.2~preinstall: no script for preinstall, continuing
788 silly lifecycle nan@1.7.0~preinstall: no script for preinstall, continuing
789 silly lifecycle node-schedule@0.1.13~preinstall: no script for preinstall, continuing
790 verbose lifecycle ccap@0.6.10~preinstall: unsafe-perm in lifecycle true
791 verbose lifecycle ccap@0.6.10~preinstall: PATH: C:\Program Files\nodejs\node_modules\npm\bin\node-gyp-bin;D:\wamp\www\FeidianStudio_Node\node_modules\.staging\ccap-76e54e08\node_modules\.bin;D:\wamp\www\FeidianStudio_Node\node_modules\.bin;C:\Program Files\nodejs;C:\Users\博勋\bin;D:\Program Files\Git\mingw64\bin;D:\Program Files\Git\usr\local\bin;D:\Program Files\Git\usr\bin;D:\Program Files\Git\usr\bin;D:\Program Files\Git\mingw64\bin;D:\Program Files\Git\usr\bin;C:\Users\博勋\bin;D:\wamp\bin\php\php5.5.12;D:\MongoDB\bin;D:\Python27;C:\Program Files (x86)\NVIDIA Corporation\PhysX\Common;D:\Java\jdk1.8.0_74\bin;D:\Java\jdk1.8.0_74\jre\bin;C:\ProgramData\Oracle\Java\javapath;C:\Program Files (x86)\Lenovo\FusionEngine;C:\Program Files (x86)\Intel\iCLS Client;C:\Program Files\Intel\iCLS Client;C:\windows\system32;C:\windows;C:\windows\System32\Wbem;C:\windows\System32\WindowsPowerShell\v1.0;C:\Program Files (x86)\ATI Technologies\ATI.ACE\Core-Static;C:\Program Files\Intel\Intel(R) Management Engine Components\DAL;C:\Program Files (x86)\Intel\Intel(R) Management Engine Components\DAL;C:\Program Files\Intel\Intel(R) Management Engine Components\IPT;C:\Program Files (x86)\Intel\Intel(R) Management Engine Components\IPT;C:\Program Files (x86)\Lenovo\Lenovo Home;C:\Program Files\nodejs;C:\Program Files\Microsoft SQL Server\110\Tools\Binn;C:\Program Files (x86)\Windows Kits\8.1\Windows Performance Toolkit;C:\Program Files (x86)\Microsoft SDKs\TypeScript\1.0;C:\Users\博勋\AppData\Local\atom\bin;C:\Users\博勋\AppData\Roaming\npm;C:\Users\博勋\.babun;D:\Program Files\Git\usr\bin\vendor_perl;D:\Program Files\Git\usr\bin\core_perl
792 verbose lifecycle ccap@0.6.10~preinstall: CWD: D:\wamp\www\FeidianStudio_Node\node_modules\.staging\ccap-76e54e08
793 silly lifecycle ccap@0.6.10~preinstall: Args: [ '/d /s /c', 'node make.js' ]
794 silly lifecycle express-generator@4.13.4~preinstall: no script for preinstall, continuing
795 silly lifecycle mongoose@4.7.4~preinstall: no script for preinstall, continuing
796 silly lifecycle ccap@0.6.10~preinstall: Returned: code: 0  signal: null
797 silly doReverseSerial remove 0
798 silly doSerial move 0
799 silly doSerial finalize 6
800 silly finalize D:\wamp\www\FeidianStudio_Node\node_modules\ccap\node_modules\async
801 silly finalize D:\wamp\www\FeidianStudio_Node\node_modules\nan
802 silly finalize D:\wamp\www\FeidianStudio_Node\node_modules\node-schedule
803 silly finalize D:\wamp\www\FeidianStudio_Node\node_modules\ccap
804 silly finalize D:\wamp\www\FeidianStudio_Node\node_modules\express-generator
805 silly finalize D:\wamp\www\FeidianStudio_Node\node_modules\mongoose
806 silly doSerial build 6
807 silly build async@1.4.2
808 info linkStuff async@1.4.2
809 silly linkStuff async@1.4.2 has D:\wamp\www\FeidianStudio_Node\node_modules\ccap\node_modules as its parent node_modules
810 verbose linkBins async@1.4.2
811 verbose linkMans async@1.4.2
812 silly build nan@1.7.0
813 info linkStuff nan@1.7.0
814 silly linkStuff nan@1.7.0 has D:\wamp\www\FeidianStudio_Node\node_modules as its parent node_modules
815 verbose linkBins nan@1.7.0
816 verbose linkMans nan@1.7.0
817 silly build node-schedule@0.1.13
818 info linkStuff node-schedule@0.1.13
819 silly linkStuff node-schedule@0.1.13 has D:\wamp\www\FeidianStudio_Node\node_modules as its parent node_modules
820 verbose linkBins node-schedule@0.1.13
821 verbose linkMans node-schedule@0.1.13
822 silly build ccap@0.6.10
823 info linkStuff ccap@0.6.10
824 silly linkStuff ccap@0.6.10 has D:\wamp\www\FeidianStudio_Node\node_modules as its parent node_modules
825 verbose linkBins ccap@0.6.10
826 verbose linkMans ccap@0.6.10
827 silly build express-generator@4.13.4
828 info linkStuff express-generator@4.13.4
829 silly linkStuff express-generator@4.13.4 has D:\wamp\www\FeidianStudio_Node\node_modules as its parent node_modules
830 warn prefer global express-generator@4.13.4 should be installed with -g
831 verbose linkBins express-generator@4.13.4
832 verbose link bins [ { express: './bin/express' },
832 verbose link bins   'D:\\wamp\\www\\FeidianStudio_Node\\node_modules\\.bin',
832 verbose link bins   false ]
833 verbose linkMans express-generator@4.13.4
834 silly build mongoose@4.7.4
835 info linkStuff mongoose@4.7.4
836 silly linkStuff mongoose@4.7.4 has D:\wamp\www\FeidianStudio_Node\node_modules as its parent node_modules
837 verbose linkBins mongoose@4.7.4
838 verbose linkMans mongoose@4.7.4
839 silly doSerial global-link 0
840 silly doParallel update-linked 0
841 silly doSerial install 6
842 silly install async@1.4.2 D:\wamp\www\FeidianStudio_Node\node_modules\.staging\async-410c81cf
843 info lifecycle async@1.4.2~install: async@1.4.2
844 silly lifecycle async@1.4.2~install: no script for install, continuing
845 silly install nan@1.7.0 D:\wamp\www\FeidianStudio_Node\node_modules\.staging\nan-8976329d
846 info lifecycle nan@1.7.0~install: nan@1.7.0
847 silly lifecycle nan@1.7.0~install: no script for install, continuing
848 silly install node-schedule@0.1.13 D:\wamp\www\FeidianStudio_Node\node_modules\.staging\node-schedule-456fbe66
849 info lifecycle node-schedule@0.1.13~install: node-schedule@0.1.13
850 silly lifecycle node-schedule@0.1.13~install: no script for install, continuing
851 silly install ccap@0.6.10 D:\wamp\www\FeidianStudio_Node\node_modules\.staging\ccap-76e54e08
852 info lifecycle ccap@0.6.10~install: ccap@0.6.10
853 verbose lifecycle ccap@0.6.10~install: unsafe-perm in lifecycle true
854 verbose lifecycle ccap@0.6.10~install: PATH: C:\Program Files\nodejs\node_modules\npm\bin\node-gyp-bin;D:\wamp\www\FeidianStudio_Node\node_modules\ccap\node_modules\.bin;D:\wamp\www\FeidianStudio_Node\node_modules\.bin;C:\Program Files\nodejs;C:\Users\博勋\bin;D:\Program Files\Git\mingw64\bin;D:\Program Files\Git\usr\local\bin;D:\Program Files\Git\usr\bin;D:\Program Files\Git\usr\bin;D:\Program Files\Git\mingw64\bin;D:\Program Files\Git\usr\bin;C:\Users\博勋\bin;D:\wamp\bin\php\php5.5.12;D:\MongoDB\bin;D:\Python27;C:\Program Files (x86)\NVIDIA Corporation\PhysX\Common;D:\Java\jdk1.8.0_74\bin;D:\Java\jdk1.8.0_74\jre\bin;C:\ProgramData\Oracle\Java\javapath;C:\Program Files (x86)\Lenovo\FusionEngine;C:\Program Files (x86)\Intel\iCLS Client;C:\Program Files\Intel\iCLS Client;C:\windows\system32;C:\windows;C:\windows\System32\Wbem;C:\windows\System32\WindowsPowerShell\v1.0;C:\Program Files (x86)\ATI Technologies\ATI.ACE\Core-Static;C:\Program Files\Intel\Intel(R) Management Engine Components\DAL;C:\Program Files (x86)\Intel\Intel(R) Management Engine Components\DAL;C:\Program Files\Intel\Intel(R) Management Engine Components\IPT;C:\Program Files (x86)\Intel\Intel(R) Management Engine Components\IPT;C:\Program Files (x86)\Lenovo\Lenovo Home;C:\Program Files\nodejs;C:\Program Files\Microsoft SQL Server\110\Tools\Binn;C:\Program Files (x86)\Windows Kits\8.1\Windows Performance Toolkit;C:\Program Files (x86)\Microsoft SDKs\TypeScript\1.0;C:\Users\博勋\AppData\Local\atom\bin;C:\Users\博勋\AppData\Roaming\npm;C:\Users\博勋\.babun;D:\Program Files\Git\usr\bin\vendor_perl;D:\Program Files\Git\usr\bin\core_perl
855 verbose lifecycle ccap@0.6.10~install: CWD: D:\wamp\www\FeidianStudio_Node\node_modules\ccap
856 silly lifecycle ccap@0.6.10~install: Args: [ '/d /s /c', 'node-gyp rebuild' ]
857 silly lifecycle ccap@0.6.10~install: Returned: code: 1  signal: null
858 info lifecycle ccap@0.6.10~install: Failed to exec install script
859 verbose unlock done using C:\Users\博勋\AppData\Roaming\npm-cache\_locks\staging-9b217f5ed6d50aa1.lock for D:\wamp\www\FeidianStudio_Node\node_modules\.staging
860 silly rollbackFailedOptional Starting
861 silly rollbackFailedOptional Finishing
862 silly runTopLevelLifecycles Starting
863 silly runTopLevelLifecycles Finishing
864 silly install printInstalled
865 verbose stack Error: ccap@0.6.10 install: `node-gyp rebuild`
865 verbose stack Exit status 1
865 verbose stack     at EventEmitter.<anonymous> (C:\Program Files\nodejs\node_modules\npm\lib\utils\lifecycle.js:239:16)
865 verbose stack     at emitTwo (events.js:106:13)
865 verbose stack     at EventEmitter.emit (events.js:191:7)
865 verbose stack     at ChildProcess.<anonymous> (C:\Program Files\nodejs\node_modules\npm\lib\utils\spawn.js:24:14)
865 verbose stack     at emitTwo (events.js:106:13)
865 verbose stack     at ChildProcess.emit (events.js:191:7)
865 verbose stack     at maybeClose (internal/child_process.js:850:16)
865 verbose stack     at Process.ChildProcess._handle.onexit (internal/child_process.js:215:5)
866 verbose pkgid ccap@0.6.10
867 verbose cwd D:\wamp\www\FeidianStudio_Node
868 error Windows_NT 6.3.9600
869 error argv "C:\\Program Files\\nodejs\\node.exe" "C:\\Program Files\\nodejs\\node_modules\\npm\\bin\\npm-cli.js" "install" "ccap" "--save"
870 error node v6.1.0
871 error npm  v3.8.6
872 error code ELIFECYCLE
873 error ccap@0.6.10 install: `node-gyp rebuild`
873 error Exit status 1
874 error Failed at the ccap@0.6.10 install script 'node-gyp rebuild'.
874 error Make sure you have the latest version of node.js and npm installed.
874 error If you do, this is most likely a problem with the ccap package,
874 error not with npm itself.
874 error Tell the author that this fails on your system:
874 error     node-gyp rebuild
874 error You can get information on how to open an issue for this project with:
874 error     npm bugs ccap
874 error Or if that isn't available, you can get their info via:
874 error     npm owner ls ccap
874 error There is likely additional logging output above.
875 verbose exit [ 1, true ]
